<?xml version="1.0" encoding="UTF-8"?>
<!-- Generated by org.testng.reporters.JUnitXMLReporter -->
<testsuite ignored="0" hostname="IBM-PF3PELFE" failures="0" tests="3" name="TestFrameWork" time="22.23" errors="0" timestamp="2024-06-02T22:22:15 IST">
  <testcase classname="nandeeshFrameWork.SeleniumFrameWorkDesign.Tests.TestFrameWork" name="submitOrder" time="4.061"/>
  <testcase classname="nandeeshFrameWork.SeleniumFrameWorkDesign.Tests.TestFrameWork" name="submitOrder" time="5.085"/>
  <testcase classname="nandeeshFrameWork.SeleniumFrameWorkDesign.Tests.TestFrameWork" name="orderHistoryTest" time="2.174"/>
</testsuite> <!-- TestFrameWork -->
