<?xml version="1.0" encoding="UTF-8"?>
<!-- Generated by org.testng.reporters.JUnitXMLReporter -->
<testsuite ignored="0" hostname="IBM-PF3PELFE" failures="0" tests="3" name="TestFrameWork" time="45.009" errors="0" timestamp="2024-06-09T10:15:33 IST">
  <testcase classname="nandeeshFrameWork.SeleniumFrameWorkDesign.Tests.TestFrameWork" name="submitOrder" time="10.239"/>
  <testcase classname="nandeeshFrameWork.SeleniumFrameWorkDesign.Tests.TestFrameWork" name="submitOrder" time="5.505"/>
  <testcase classname="nandeeshFrameWork.SeleniumFrameWorkDesign.Tests.TestFrameWork" name="orderHistoryTest" time="4.045"/>
</testsuite> <!-- TestFrameWork -->
